root@ip-172-31-3-110:~# bash hybrid-storage-box/scripts/mkfile.sh storage_box/testfile 500M
500+0 records in
500+0 records out
524288000 bytes (524 MB, 500 MiB) copied, 24.4189 s, 21.5 MB/s
root@ip-172-31-3-110:~#
root@ip-172-31-3-110:~# bash hybrid-storage-box/scripts/read_file.sh storage_box/testfile
1+0 records in
1+0 records out
524288000 bytes (524 MB, 500 MiB) copied, 17.0617 s, 30.7 MB/s
root@ip-172-31-3-110:~#
root@ip-172-31-3-110:~# bash hybrid-storage-box/scripts/append_file.sh storage_box/testfile 270
Appending file storage_box/testfile 270 times...
Done.
root@ip-172-31-3-110:~#

2017-05-05 03:50:22,020 INFO Row to relocate: ('/mnt/st1/testfile', 524294750L, 273L, 'st1')
2017-05-05 03:50:22,020 INFO Trying to move /mnt/st1/testfile to /mnt/gp2/testfile...
2017-05-05 03:50:22,020 INFO Available:53268480File size:524294750
2017-05-05 03:50:22,020 INFO cleanupDiskgp2471027294273
2017-05-05 03:50:22,023 INFO Victims: ('5d9f4a3a-3137-11e7-b7cf-02f18bb15c58', 'gp2', 217L, 217L, 1283459604L, '/mnt/gp2/file11')
2017-05-05 03:50:24,026 INFO Destination path: /mnt/st1/file11
2017-05-05 03:50:24,026 INFO Trying to move /mnt/gp2/file11 to /mnt/st1/file11...
2017-05-05 03:50:24,026 INFO We are good! Available:455720030208File size:1283459604
2017-05-05 03:50:43,150 INFO Move /mnt/gp2/file11 to /mnt/st1/file11 successful!
2017-05-05 03:50:50,928 INFO Move /mnt/st1/testfile to /mnt/gp2/testfile successful!
2017-05-05 03:50:52,936 INFO Row to relocate: ('/mnt/gp2/testfile', 524294750L, 273L, 'gp2')
2017-05-05 03:50:52,936 INFO Trying to move /mnt/gp2/testfile to /mnt/io1/testfile...
2017-05-05 03:50:52,936 INFO We are good! Available:879349760File size:524294750
2017-05-05 03:51:00,167 INFO Move /mnt/gp2/testfile to /mnt/io1/testfile successful!
2017-05-05 03:51:00,170 INFO Row to relocate: ('/mnt/st1/file11', 1283459604L, 217L, 'st1')
2017-05-05 03:51:00,170 INFO Trying to move /mnt/st1/file11 to /mnt/gp2/file11...
2017-05-05 03:51:00,171 INFO We are good! Available:1336733696File size:1283459604
2017-05-05 03:51:20,335 INFO Move /mnt/st1/file11 to /mnt/gp2/file11 successful!

root@ip-172-31-3-110:~# tt
/mnt/
├── [4.0K]  gp2
│   ├── [1.2G]  file11
│   ├── [2.6G]  file15
│   ├── [3.2G]  file18
│   └── [2.1G]  file29
├── [4.0K]  io1
│   ├── [442M]  file28
│   ├── [3.3G]  file9
│   ├── [ 16K]  lost+found
│   └── [500M]  testfile
├── [4.0K]  jo
├── [4.0K]  mg
├── [4.0K]  sc1
│   └── [ 16K]  lost+found
└── [4.0K]  st1
    ├── [663M]  file1
    ├── [3.1G]  file10
    ├── [2.2G]  file12
    ├── [1.2G]  file13
    ├── [3.0G]  file14
    ├── [357M]  file16
    ├── [2.8G]  file17
    ├── [510M]  file19
    ├── [2.9G]  file2
    ├── [969M]  file20
    ├── [170M]  file21
    ├── [2.5G]  file22
    ├── [3.3G]  file23
    ├── [459M]  file24
    ├── [969M]  file25
    ├── [850M]  file26
    ├── [748M]  file27
    ├── [2.6G]  file3
    ├── [833M]  file30
    ├── [3.4G]  file4
    ├── [1.6G]  file5
    ├── [3.2G]  file6
    ├── [1.9G]  file7
    └── [2.1G]  file8

8 directories, 31 files
